TN:
SF:lib/src/entities/store.dart
FNF:0
FNH:0
DA:27,4
DA:28,4
DA:34,4
DA:39,1
DA:44,4
DA:45,8
DA:46,4
DA:47,4
DA:53,4
DA:54,4
DA:55,12
DA:62,1
DA:63,1
DA:64,1
DA:65,2
DA:69,8
DA:75,2
DA:76,6
DA:80,12
DA:86,1
DA:87,1
DA:90,1
DA:91,2
DA:95,1
DA:96,3
DA:99,1
DA:100,1
DA:101,4
DA:105,1
DA:106,3
DA:110,1
DA:111,5
DA:115,1
DA:116,1
DA:117,2
DA:118,1
LF:36
LH:36
end_of_record
TN:
SF:lib/src/widgets/store_builder.dart
FNF:0
FNH:0
DA:29,3
DA:33,3
DA:35,3
DA:37,3
DA:38,6
DA:39,6
DA:40,15
LF:7
LH:7
end_of_record
